<?xml version="1.0" encoding="UTF-8"?>
<!-- Generated by org.testng.reporters.JUnitReportReporter -->
<testsuite hostname="Black-Light" failures="0" tests="1" name="Tests.IntroToRestAssured" time="2.963" errors="0" timestamp="2024-02-18T01:06:37 IST" skipped="0">
  <testcase classname="Tests.IntroToRestAssured" name="validateGetProducts" time="2.963"/>
</testsuite> <!-- Tests.IntroToRestAssured -->
